<!DOCTYPE html PUBLIC "-//W3C//DTD XHTML 1.1//EN" "https://www.w3.org/TR/xhtml11/DTD/xhtml11.dtd">
<html xmlns="https://www.w3.org/1999/xhtml">
<head>
<meta http-equiv="content-type" content="text/html; charset=UTF-8"/>
<title>TestNG Report</title>
<style type="text/css">table {margin-bottom:10px;border-collapse:collapse;empty-cells:show}th,td {border:1px solid #009;padding:.25em .5em}th {vertical-align:bottom}td {vertical-align:top}table a {font-weight:bold}.stripe td {background-color: #E6EBF9}.num {text-align:right}.passedodd td {background-color: #3F3}.passedeven td {background-color: #0A0}.skippedodd td {background-color: #DDD}.skippedeven td {background-color: #CCC}.failedodd td,.attn {background-color: #F33}.failedeven td,.stripe .attn {background-color: #D00}.stacktrace {white-space:pre;font-family:monospace}.totop {font-size:85%;text-align:center;border-bottom:2px solid #000}.invisible {display:none}</style>
</head>
<body>
<table>
<tr><th>Test</th><th># Passed</th><th># Skipped</th><th># Retried</th><th># Failed</th><th>Time (ms)</th><th>Included Groups</th><th>Excluded Groups</th></tr>
<tr><th colspan="8">Guru99 Banking Project</th></tr>
<tr><td><a href="#t0">Guru99 Banking Scripts</a></td><td class="num">6</td><td class="num">0</td><td class="num">0</td><td class="num attn">2</td><td class="num">190,532</td><td></td><td></td></tr>
</table>
<table id='summary'><thead><tr><th>Class</th><th>Method</th><th>Start</th><th>Time (ms)</th></tr></thead><tbody><tr><th colspan="4">Guru99 Banking Project</th></tr></tbody><tbody id="t0"><tr><th colspan="4">Guru99 Banking Scripts &#8212; failed</th></tr><tr class="failedeven"><td rowspan="2">com.canadaproject.qa.testcases.DeleteCustomerTest</td><td><a href="#m0">deleteCustomer</a></td><td rowspan="1">1680836635653</td><td rowspan="1">44</td></tr><tr class="failedeven"><td><a href="#m1">validateDeleteCustomerPageTitle</a></td><td rowspan="1">1680836607246</td><td rowspan="1">38</td></tr><tr><th colspan="4">Guru99 Banking Scripts &#8212; passed</th></tr><tr class="passedeven"><td rowspan="3">com.canadaproject.qa.testcases.HomePageTest</td><td><a href="#m2">navigateToDeleteCustomerPage</a></td><td rowspan="1">1680836576607</td><td rowspan="1">71</td></tr><tr class="passedeven"><td><a href="#m3">vaidateHomePageLogo</a></td><td rowspan="1">1680836561607</td><td rowspan="1">46</td></tr><tr class="passedeven"><td><a href="#m4">validateHomePageTitle</a></td><td rowspan="1">1680836544076</td><td rowspan="1">9</td></tr><tr class="passedodd"><td rowspan="3">com.canadaproject.qa.testcases.LoginPageTest</td><td><a href="#m5">logintoApp</a></td><td rowspan="1">1680836512298</td><td rowspan="1">6801</td></tr><tr class="passedodd"><td><a href="#m6">validateLoginPageLogo</a></td><td rowspan="1">1680836484098</td><td rowspan="1">72</td></tr><tr class="passedodd"><td><a href="#m7">validateLoginPageTitle</a></td><td rowspan="1">1680836460021</td><td rowspan="1">23</td></tr></tbody>
</table>
<h2>Guru99 Banking Scripts</h2><h3 id="m0">com.canadaproject.qa.testcases.DeleteCustomerTest#deleteCustomer</h3><table class="result"><tr><th>Exception</th></tr><tr><td><div class="stacktrace">org.openqa.selenium.NoSuchElementException: no such element: Unable to locate element: {&quot;method&quot;:&quot;xpath&quot;,&quot;selector&quot;:&quot;//input[@name=&apos;cusid&apos;]&quot;}
  (Session info: chrome=111.0.5563.147)
For documentation on this error, please visit: https://selenium.dev/exceptions/#no_such_element
Build info: version: &apos;4.3.0&apos;, revision: &apos;a4995e2c09*&apos;
System info: host: &apos;SRINIVASULU&apos;, ip: &apos;192.168.118.247&apos;, os.name: &apos;Windows 11&apos;, os.arch: &apos;amd64&apos;, os.version: &apos;10.0&apos;, java.version: &apos;17.0.2&apos;
Driver info: org.openqa.selenium.chrome.ChromeDriver
Command: [d64ed050eb0381e8b0a084512da61597, findElement {using=xpath, value=//input[@name=&apos;cusid&apos;]}]
Capabilities {acceptInsecureCerts: false, browserName: chrome, browserVersion: 111.0.5563.147, chrome: {chromedriverVersion: 111.0.5563.64 (c710e93d5b63..., userDataDir: C:\Users\usrin\AppData\Loca...}, goog:chromeOptions: {debuggerAddress: localhost:58027}, networkConnectionEnabled: false, pageLoadStrategy: normal, platformName: WINDOWS, proxy: Proxy(), se:cdp: ws://localhost:58027/devtoo..., se:cdpVersion: 111.0.5563.147, setWindowRect: true, strictFileInteractability: false, timeouts: {implicit: 0, pageLoad: 300000, script: 30000}, unhandledPromptBehavior: dismiss and notify, webauthn:extension:credBlob: true, webauthn:extension:largeBlob: true, webauthn:extension:minPinLength: true, webauthn:extension:prf: true, webauthn:virtualAuthenticators: true}
Session ID: d64ed050eb0381e8b0a084512da61597
	at org.openqa.selenium.remote.codec.w3c.W3CHttpResponseCodec.createException(W3CHttpResponseCodec.java:200)
	at org.openqa.selenium.remote.codec.w3c.W3CHttpResponseCodec.decode(W3CHttpResponseCodec.java:133)
	at org.openqa.selenium.remote.codec.w3c.W3CHttpResponseCodec.decode(W3CHttpResponseCodec.java:53)
	at org.openqa.selenium.remote.HttpCommandExecutor.execute(HttpCommandExecutor.java:184)
	at org.openqa.selenium.remote.service.DriverCommandExecutor.invokeExecute(DriverCommandExecutor.java:167)
	at org.openqa.selenium.remote.service.DriverCommandExecutor.execute(DriverCommandExecutor.java:142)
	at org.openqa.selenium.remote.RemoteWebDriver.execute(RemoteWebDriver.java:569)
	at org.openqa.selenium.remote.ElementLocation$ElementFinder$2.findElement(ElementLocation.java:162)
	at org.openqa.selenium.remote.ElementLocation.findElement(ElementLocation.java:60)
	at org.openqa.selenium.remote.RemoteWebDriver.findElement(RemoteWebDriver.java:387)
	at org.openqa.selenium.remote.RemoteWebDriver.findElement(RemoteWebDriver.java:379)
	at org.openqa.selenium.support.pagefactory.DefaultElementLocator.findElement(DefaultElementLocator.java:70)
	at org.openqa.selenium.support.pagefactory.internal.LocatingElementHandler.invoke(LocatingElementHandler.java:39)
	at jdk.proxy2/jdk.proxy2.$Proxy16.sendKeys(Unknown Source)
	at com.canadaproject.qa.pages.DeleteCustomerPage.deleteCustomer(DeleteCustomerPage.java:29)
	at com.canadaproject.qa.testcases.DeleteCustomerTest.deleteCustomer(DeleteCustomerTest.java:42)
	at java.base/java.util.ArrayList.forEach(ArrayList.java:1511)
... Removed 32 stack frames</div></td></tr></table><p class="totop"><a href="#summary">back to summary</a></p>
<h3 id="m1">com.canadaproject.qa.testcases.DeleteCustomerTest#validateDeleteCustomerPageTitle</h3><table class="result"><tr><th>Exception</th></tr><tr><td><div class="stacktrace">java.lang.AssertionError: expected [Guru99 Bank Delete Customer Page] but found [Guru99 Bank Manager HomePage]
	at com.canadaproject.qa.testcases.DeleteCustomerTest.validateDeleteCustomerPageTitle(DeleteCustomerTest.java:37)
	at java.base/java.util.ArrayList.forEach(ArrayList.java:1511)
... Removed 33 stack frames</div></td></tr></table><p class="totop"><a href="#summary">back to summary</a></p>
<h3 id="m2">com.canadaproject.qa.testcases.HomePageTest#navigateToDeleteCustomerPage</h3><table class="result"><tr><th class="invisible"/></tr></table><p class="totop"><a href="#summary">back to summary</a></p>
<h3 id="m3">com.canadaproject.qa.testcases.HomePageTest#vaidateHomePageLogo</h3><table class="result"><tr><th class="invisible"/></tr></table><p class="totop"><a href="#summary">back to summary</a></p>
<h3 id="m4">com.canadaproject.qa.testcases.HomePageTest#validateHomePageTitle</h3><table class="result"><tr><th class="invisible"/></tr></table><p class="totop"><a href="#summary">back to summary</a></p>
<h3 id="m5">com.canadaproject.qa.testcases.LoginPageTest#logintoApp</h3><table class="result"><tr><th class="invisible"/></tr></table><p class="totop"><a href="#summary">back to summary</a></p>
<h3 id="m6">com.canadaproject.qa.testcases.LoginPageTest#validateLoginPageLogo</h3><table class="result"><tr><th class="invisible"/></tr></table><p class="totop"><a href="#summary">back to summary</a></p>
<h3 id="m7">com.canadaproject.qa.testcases.LoginPageTest#validateLoginPageTitle</h3><table class="result"><tr><th class="invisible"/></tr></table><p class="totop"><a href="#summary">back to summary</a></p>
</body>
</html>
