<?xml version="1.0" encoding="UTF-8"?>
<testng-results ignored="0" total="8" passed="6" failed="2" skipped="0">
  <reporter-output>
  </reporter-output>
  <suite started-at="2023-04-07T08:30:45 IST" name="Guru99 Banking Project" finished-at="2023-04-07T08:33:55 IST" duration-ms="190532">
    <groups>
    </groups>
    <test started-at="2023-04-07T08:30:45 IST" name="Guru99 Banking Scripts" finished-at="2023-04-07T08:33:55 IST" duration-ms="190532">
      <class name="com.canadaproject.qa.testcases.DeleteCustomerTest">
        <test-method is-config="true" signature="setUp()[pri:0, instance:com.canadaproject.qa.testcases.DeleteCustomerTest@f6efaab]" started-at="2023-04-07T08:32:56 IST" name="setUp" finished-at="2023-04-07T08:33:27 IST" duration-ms="30372" status="PASS">
          <reporter-output>
          </reporter-output>
        </test-method> <!-- setUp -->
        <test-method signature="validateDeleteCustomerPageTitle()[pri:0, instance:com.canadaproject.qa.testcases.DeleteCustomerTest@f6efaab]" started-at="2023-04-07T08:33:27 IST" name="validateDeleteCustomerPageTitle" finished-at="2023-04-07T08:33:27 IST" duration-ms="38" status="FAIL">
          <exception class="java.lang.AssertionError">
            <message>
              <![CDATA[expected [Guru99 Bank Delete Customer Page] but found [Guru99 Bank Manager HomePage]]]>
            </message>
            <full-stacktrace>
              <![CDATA[java.lang.AssertionError: expected [Guru99 Bank Delete Customer Page] but found [Guru99 Bank Manager HomePage]
at org.testng.Assert.fail(Assert.java:110)
at org.testng.Assert.failNotEquals(Assert.java:1413)
at org.testng.Assert.assertEqualsImpl(Assert.java:149)
at org.testng.Assert.assertEquals(Assert.java:131)
at org.testng.Assert.assertEquals(Assert.java:655)
at org.testng.Assert.assertEquals(Assert.java:665)
at com.canadaproject.qa.testcases.DeleteCustomerTest.validateDeleteCustomerPageTitle(DeleteCustomerTest.java:37)
at java.base/jdk.internal.reflect.NativeMethodAccessorImpl.invoke0(Native Method)
at java.base/jdk.internal.reflect.NativeMethodAccessorImpl.invoke(NativeMethodAccessorImpl.java:77)
at java.base/jdk.internal.reflect.DelegatingMethodAccessorImpl.invoke(DelegatingMethodAccessorImpl.java:43)
at java.base/java.lang.reflect.Method.invoke(Method.java:568)
at org.testng.internal.invokers.MethodInvocationHelper.invokeMethod(MethodInvocationHelper.java:139)
at org.testng.internal.invokers.TestInvoker.invokeMethod(TestInvoker.java:677)
at org.testng.internal.invokers.TestInvoker.invokeTestMethod(TestInvoker.java:221)
at org.testng.internal.invokers.MethodRunner.runInSequence(MethodRunner.java:50)
at org.testng.internal.invokers.TestInvoker$MethodInvocationAgent.invoke(TestInvoker.java:962)
at org.testng.internal.invokers.TestInvoker.invokeTestMethods(TestInvoker.java:194)
at org.testng.internal.invokers.TestMethodWorker.invokeTestMethods(TestMethodWorker.java:148)
at org.testng.internal.invokers.TestMethodWorker.run(TestMethodWorker.java:128)
at java.base/java.util.ArrayList.forEach(ArrayList.java:1511)
at org.testng.TestRunner.privateRun(TestRunner.java:806)
at org.testng.TestRunner.run(TestRunner.java:601)
at org.testng.SuiteRunner.runTest(SuiteRunner.java:433)
at org.testng.SuiteRunner.runSequentially(SuiteRunner.java:427)
at org.testng.SuiteRunner.privateRun(SuiteRunner.java:387)
at org.testng.SuiteRunner.run(SuiteRunner.java:330)
at org.testng.SuiteRunnerWorker.runSuite(SuiteRunnerWorker.java:52)
at org.testng.SuiteRunnerWorker.run(SuiteRunnerWorker.java:95)
at org.testng.TestNG.runSuitesSequentially(TestNG.java:1256)
at org.testng.TestNG.runSuitesLocally(TestNG.java:1176)
at org.testng.TestNG.runSuites(TestNG.java:1099)
at org.testng.TestNG.run(TestNG.java:1067)
at org.testng.remote.AbstractRemoteTestNG.run(AbstractRemoteTestNG.java:115)
at org.testng.remote.RemoteTestNG.initAndRun(RemoteTestNG.java:251)
at org.testng.remote.RemoteTestNG.main(RemoteTestNG.java:77)
]]>
            </full-stacktrace>
          </exception> <!-- java.lang.AssertionError -->
          <reporter-output>
          </reporter-output>
        </test-method> <!-- validateDeleteCustomerPageTitle -->
        <test-method is-config="true" signature="tearDown()[pri:0, instance:com.canadaproject.qa.testcases.DeleteCustomerTest@f6efaab]" started-at="2023-04-07T08:33:27 IST" name="tearDown" finished-at="2023-04-07T08:33:27 IST" duration-ms="375" status="PASS">
          <reporter-output>
          </reporter-output>
        </test-method> <!-- tearDown -->
        <test-method is-config="true" signature="setUp()[pri:0, instance:com.canadaproject.qa.testcases.DeleteCustomerTest@f6efaab]" started-at="2023-04-07T08:33:27 IST" name="setUp" finished-at="2023-04-07T08:33:55 IST" duration-ms="27988" status="PASS">
          <reporter-output>
          </reporter-output>
        </test-method> <!-- setUp -->
        <test-method signature="deleteCustomer()[pri:1, instance:com.canadaproject.qa.testcases.DeleteCustomerTest@f6efaab]" started-at="2023-04-07T08:33:55 IST" name="deleteCustomer" finished-at="2023-04-07T08:33:55 IST" duration-ms="44" status="FAIL">
          <exception class="org.openqa.selenium.NoSuchElementException">
            <message>
              <![CDATA[no such element: Unable to locate element: {"method":"xpath","selector":"//input[@name='cusid']"}
  (Session info: chrome=111.0.5563.147)
For documentation on this error, please visit: https://selenium.dev/exceptions/#no_such_element
Build info: version: '4.3.0', revision: 'a4995e2c09*'
System info: host: 'SRINIVASULU', ip: '192.168.118.247', os.name: 'Windows 11', os.arch: 'amd64', os.version: '10.0', java.version: '17.0.2'
Driver info: org.openqa.selenium.chrome.ChromeDriver
Command: [d64ed050eb0381e8b0a084512da61597, findElement {using=xpath, value=//input[@name='cusid']}]
Capabilities {acceptInsecureCerts: false, browserName: chrome, browserVersion: 111.0.5563.147, chrome: {chromedriverVersion: 111.0.5563.64 (c710e93d5b63..., userDataDir: C:\Users\usrin\AppData\Loca...}, goog:chromeOptions: {debuggerAddress: localhost:58027}, networkConnectionEnabled: false, pageLoadStrategy: normal, platformName: WINDOWS, proxy: Proxy(), se:cdp: ws://localhost:58027/devtoo..., se:cdpVersion: 111.0.5563.147, setWindowRect: true, strictFileInteractability: false, timeouts: {implicit: 0, pageLoad: 300000, script: 30000}, unhandledPromptBehavior: dismiss and notify, webauthn:extension:credBlob: true, webauthn:extension:largeBlob: true, webauthn:extension:minPinLength: true, webauthn:extension:prf: true, webauthn:virtualAuthenticators: true}
Session ID: d64ed050eb0381e8b0a084512da61597]]>
            </message>
            <full-stacktrace>
              <![CDATA[org.openqa.selenium.NoSuchElementException: no such element: Unable to locate element: {"method":"xpath","selector":"//input[@name='cusid']"}
  (Session info: chrome=111.0.5563.147)
For documentation on this error, please visit: https://selenium.dev/exceptions/#no_such_element
Build info: version: '4.3.0', revision: 'a4995e2c09*'
System info: host: 'SRINIVASULU', ip: '192.168.118.247', os.name: 'Windows 11', os.arch: 'amd64', os.version: '10.0', java.version: '17.0.2'
Driver info: org.openqa.selenium.chrome.ChromeDriver
Command: [d64ed050eb0381e8b0a084512da61597, findElement {using=xpath, value=//input[@name='cusid']}]
Capabilities {acceptInsecureCerts: false, browserName: chrome, browserVersion: 111.0.5563.147, chrome: {chromedriverVersion: 111.0.5563.64 (c710e93d5b63..., userDataDir: C:\Users\usrin\AppData\Loca...}, goog:chromeOptions: {debuggerAddress: localhost:58027}, networkConnectionEnabled: false, pageLoadStrategy: normal, platformName: WINDOWS, proxy: Proxy(), se:cdp: ws://localhost:58027/devtoo..., se:cdpVersion: 111.0.5563.147, setWindowRect: true, strictFileInteractability: false, timeouts: {implicit: 0, pageLoad: 300000, script: 30000}, unhandledPromptBehavior: dismiss and notify, webauthn:extension:credBlob: true, webauthn:extension:largeBlob: true, webauthn:extension:minPinLength: true, webauthn:extension:prf: true, webauthn:virtualAuthenticators: true}
Session ID: d64ed050eb0381e8b0a084512da61597
at java.base/jdk.internal.reflect.NativeConstructorAccessorImpl.newInstance0(Native Method)
at java.base/jdk.internal.reflect.NativeConstructorAccessorImpl.newInstance(NativeConstructorAccessorImpl.java:77)
at java.base/jdk.internal.reflect.DelegatingConstructorAccessorImpl.newInstance(DelegatingConstructorAccessorImpl.java:45)
at java.base/java.lang.reflect.Constructor.newInstanceWithCaller(Constructor.java:499)
at java.base/java.lang.reflect.Constructor.newInstance(Constructor.java:480)
at org.openqa.selenium.remote.codec.w3c.W3CHttpResponseCodec.createException(W3CHttpResponseCodec.java:200)
at org.openqa.selenium.remote.codec.w3c.W3CHttpResponseCodec.decode(W3CHttpResponseCodec.java:133)
at org.openqa.selenium.remote.codec.w3c.W3CHttpResponseCodec.decode(W3CHttpResponseCodec.java:53)
at org.openqa.selenium.remote.HttpCommandExecutor.execute(HttpCommandExecutor.java:184)
at org.openqa.selenium.remote.service.DriverCommandExecutor.invokeExecute(DriverCommandExecutor.java:167)
at org.openqa.selenium.remote.service.DriverCommandExecutor.execute(DriverCommandExecutor.java:142)
at org.openqa.selenium.remote.RemoteWebDriver.execute(RemoteWebDriver.java:569)
at org.openqa.selenium.remote.ElementLocation$ElementFinder$2.findElement(ElementLocation.java:162)
at org.openqa.selenium.remote.ElementLocation.findElement(ElementLocation.java:60)
at org.openqa.selenium.remote.RemoteWebDriver.findElement(RemoteWebDriver.java:387)
at org.openqa.selenium.remote.RemoteWebDriver.findElement(RemoteWebDriver.java:379)
at org.openqa.selenium.support.pagefactory.DefaultElementLocator.findElement(DefaultElementLocator.java:70)
at org.openqa.selenium.support.pagefactory.internal.LocatingElementHandler.invoke(LocatingElementHandler.java:39)
at jdk.proxy2/jdk.proxy2.$Proxy16.sendKeys(Unknown Source)
at com.canadaproject.qa.pages.DeleteCustomerPage.deleteCustomer(DeleteCustomerPage.java:29)
at com.canadaproject.qa.testcases.DeleteCustomerTest.deleteCustomer(DeleteCustomerTest.java:42)
at java.base/jdk.internal.reflect.NativeMethodAccessorImpl.invoke0(Native Method)
at java.base/jdk.internal.reflect.NativeMethodAccessorImpl.invoke(NativeMethodAccessorImpl.java:77)
at java.base/jdk.internal.reflect.DelegatingMethodAccessorImpl.invoke(DelegatingMethodAccessorImpl.java:43)
at java.base/java.lang.reflect.Method.invoke(Method.java:568)
at org.testng.internal.invokers.MethodInvocationHelper.invokeMethod(MethodInvocationHelper.java:139)
at org.testng.internal.invokers.TestInvoker.invokeMethod(TestInvoker.java:677)
at org.testng.internal.invokers.TestInvoker.invokeTestMethod(TestInvoker.java:221)
at org.testng.internal.invokers.MethodRunner.runInSequence(MethodRunner.java:50)
at org.testng.internal.invokers.TestInvoker$MethodInvocationAgent.invoke(TestInvoker.java:962)
at org.testng.internal.invokers.TestInvoker.invokeTestMethods(TestInvoker.java:194)
at org.testng.internal.invokers.TestMethodWorker.invokeTestMethods(TestMethodWorker.java:148)
at org.testng.internal.invokers.TestMethodWorker.run(TestMethodWorker.java:128)
at java.base/java.util.ArrayList.forEach(ArrayList.java:1511)
at org.testng.TestRunner.privateRun(TestRunner.java:806)
at org.testng.TestRunner.run(TestRunner.java:601)
at org.testng.SuiteRunner.runTest(SuiteRunner.java:433)
at org.testng.SuiteRunner.runSequentially(SuiteRunner.java:427)
at org.testng.SuiteRunner.privateRun(SuiteRunner.java:387)
at org.testng.SuiteRunner.run(SuiteRunner.java:330)
at org.testng.SuiteRunnerWorker.runSuite(SuiteRunnerWorker.java:52)
at org.testng.SuiteRunnerWorker.run(SuiteRunnerWorker.java:95)
at org.testng.TestNG.runSuitesSequentially(TestNG.java:1256)
at org.testng.TestNG.runSuitesLocally(TestNG.java:1176)
at org.testng.TestNG.runSuites(TestNG.java:1099)
at org.testng.TestNG.run(TestNG.java:1067)
at org.testng.remote.AbstractRemoteTestNG.run(AbstractRemoteTestNG.java:115)
at org.testng.remote.RemoteTestNG.initAndRun(RemoteTestNG.java:251)
at org.testng.remote.RemoteTestNG.main(RemoteTestNG.java:77)
]]>
            </full-stacktrace>
          </exception> <!-- org.openqa.selenium.NoSuchElementException -->
          <reporter-output>
          </reporter-output>
        </test-method> <!-- deleteCustomer -->
        <test-method is-config="true" signature="tearDown()[pri:0, instance:com.canadaproject.qa.testcases.DeleteCustomerTest@f6efaab]" started-at="2023-04-07T08:33:55 IST" name="tearDown" finished-at="2023-04-07T08:33:55 IST" duration-ms="253" status="PASS">
          <reporter-output>
          </reporter-output>
        </test-method> <!-- tearDown -->
      </class> <!-- com.canadaproject.qa.testcases.DeleteCustomerTest -->
      <class name="com.canadaproject.qa.testcases.HomePageTest">
        <test-method is-config="true" signature="setUp()[pri:0, instance:com.canadaproject.qa.testcases.HomePageTest@74f0ea28]" started-at="2023-04-07T08:31:59 IST" name="setUp" finished-at="2023-04-07T08:32:24 IST" duration-ms="24733" status="PASS">
          <reporter-output>
          </reporter-output>
        </test-method> <!-- setUp -->
        <test-method signature="validateHomePageTitle()[pri:0, instance:com.canadaproject.qa.testcases.HomePageTest@74f0ea28]" started-at="2023-04-07T08:32:24 IST" name="validateHomePageTitle" finished-at="2023-04-07T08:32:24 IST" duration-ms="9" status="PASS">
          <reporter-output>
          </reporter-output>
        </test-method> <!-- validateHomePageTitle -->
        <test-method is-config="true" signature="tearDown()[pri:0, instance:com.canadaproject.qa.testcases.HomePageTest@74f0ea28]" started-at="2023-04-07T08:32:24 IST" name="tearDown" finished-at="2023-04-07T08:32:24 IST" duration-ms="185" status="PASS">
          <reporter-output>
          </reporter-output>
        </test-method> <!-- tearDown -->
        <test-method is-config="true" signature="setUp()[pri:0, instance:com.canadaproject.qa.testcases.HomePageTest@74f0ea28]" started-at="2023-04-07T08:32:24 IST" name="setUp" finished-at="2023-04-07T08:32:41 IST" duration-ms="17332" status="PASS">
          <reporter-output>
          </reporter-output>
        </test-method> <!-- setUp -->
        <test-method signature="vaidateHomePageLogo()[pri:1, instance:com.canadaproject.qa.testcases.HomePageTest@74f0ea28]" started-at="2023-04-07T08:32:41 IST" name="vaidateHomePageLogo" finished-at="2023-04-07T08:32:41 IST" duration-ms="46" status="PASS">
          <reporter-output>
          </reporter-output>
        </test-method> <!-- vaidateHomePageLogo -->
        <test-method is-config="true" signature="tearDown()[pri:0, instance:com.canadaproject.qa.testcases.HomePageTest@74f0ea28]" started-at="2023-04-07T08:32:41 IST" name="tearDown" finished-at="2023-04-07T08:32:41 IST" duration-ms="204" status="PASS">
          <reporter-output>
          </reporter-output>
        </test-method> <!-- tearDown -->
        <test-method is-config="true" signature="setUp()[pri:0, instance:com.canadaproject.qa.testcases.HomePageTest@74f0ea28]" started-at="2023-04-07T08:32:41 IST" name="setUp" finished-at="2023-04-07T08:32:56 IST" duration-ms="14746" status="PASS">
          <reporter-output>
          </reporter-output>
        </test-method> <!-- setUp -->
        <test-method signature="navigateToDeleteCustomerPage()[pri:2, instance:com.canadaproject.qa.testcases.HomePageTest@74f0ea28]" started-at="2023-04-07T08:32:56 IST" name="navigateToDeleteCustomerPage" finished-at="2023-04-07T08:32:56 IST" duration-ms="71" status="PASS">
          <reporter-output>
          </reporter-output>
        </test-method> <!-- navigateToDeleteCustomerPage -->
        <test-method is-config="true" signature="tearDown()[pri:0, instance:com.canadaproject.qa.testcases.HomePageTest@74f0ea28]" started-at="2023-04-07T08:32:56 IST" name="tearDown" finished-at="2023-04-07T08:32:56 IST" duration-ms="192" status="PASS">
          <reporter-output>
          </reporter-output>
        </test-method> <!-- tearDown -->
      </class> <!-- com.canadaproject.qa.testcases.HomePageTest -->
      <class name="com.canadaproject.qa.testcases.LoginPageTest">
        <test-method is-config="true" signature="setUp()[pri:0, instance:com.canadaproject.qa.testcases.LoginPageTest@79e2c065]" started-at="2023-04-07T08:30:45 IST" name="setUp" finished-at="2023-04-07T08:31:00 IST" duration-ms="14551" status="PASS">
          <reporter-output>
          </reporter-output>
        </test-method> <!-- setUp -->
        <test-method signature="validateLoginPageTitle()[pri:0, instance:com.canadaproject.qa.testcases.LoginPageTest@79e2c065]" started-at="2023-04-07T08:31:00 IST" name="validateLoginPageTitle" finished-at="2023-04-07T08:31:00 IST" duration-ms="23" status="PASS">
          <reporter-output>
          </reporter-output>
        </test-method> <!-- validateLoginPageTitle -->
        <test-method is-config="true" signature="tearDown()[pri:0, instance:com.canadaproject.qa.testcases.LoginPageTest@79e2c065]" started-at="2023-04-07T08:31:00 IST" name="tearDown" finished-at="2023-04-07T08:31:00 IST" duration-ms="246" status="PASS">
          <reporter-output>
          </reporter-output>
        </test-method> <!-- tearDown -->
        <test-method is-config="true" signature="setUp()[pri:0, instance:com.canadaproject.qa.testcases.LoginPageTest@79e2c065]" started-at="2023-04-07T08:31:00 IST" name="setUp" finished-at="2023-04-07T08:31:24 IST" duration-ms="23798" status="PASS">
          <reporter-output>
          </reporter-output>
        </test-method> <!-- setUp -->
        <test-method signature="validateLoginPageLogo()[pri:1, instance:com.canadaproject.qa.testcases.LoginPageTest@79e2c065]" started-at="2023-04-07T08:31:24 IST" name="validateLoginPageLogo" finished-at="2023-04-07T08:31:24 IST" duration-ms="72" status="PASS">
          <reporter-output>
          </reporter-output>
        </test-method> <!-- validateLoginPageLogo -->
        <test-method is-config="true" signature="tearDown()[pri:0, instance:com.canadaproject.qa.testcases.LoginPageTest@79e2c065]" started-at="2023-04-07T08:31:24 IST" name="tearDown" finished-at="2023-04-07T08:31:24 IST" duration-ms="251" status="PASS">
          <reporter-output>
          </reporter-output>
        </test-method> <!-- tearDown -->
        <test-method is-config="true" signature="setUp()[pri:0, instance:com.canadaproject.qa.testcases.LoginPageTest@79e2c065]" started-at="2023-04-07T08:31:24 IST" name="setUp" finished-at="2023-04-07T08:31:52 IST" duration-ms="27873" status="PASS">
          <reporter-output>
          </reporter-output>
        </test-method> <!-- setUp -->
        <test-method signature="logintoApp()[pri:2, instance:com.canadaproject.qa.testcases.LoginPageTest@79e2c065]" started-at="2023-04-07T08:31:52 IST" name="logintoApp" finished-at="2023-04-07T08:31:59 IST" duration-ms="6801" status="PASS">
          <reporter-output>
          </reporter-output>
        </test-method> <!-- logintoApp -->
        <test-method is-config="true" signature="tearDown()[pri:0, instance:com.canadaproject.qa.testcases.LoginPageTest@79e2c065]" started-at="2023-04-07T08:31:59 IST" name="tearDown" finished-at="2023-04-07T08:31:59 IST" duration-ms="239" status="PASS">
          <reporter-output>
          </reporter-output>
        </test-method> <!-- tearDown -->
      </class> <!-- com.canadaproject.qa.testcases.LoginPageTest -->
    </test> <!-- Guru99 Banking Scripts -->
  </suite> <!-- Guru99 Banking Project -->
</testng-results>
